<?xml version="1.0" encoding="UTF-8"?>
<testsuite xmlns:xsi="http://www.w3.org/2001/XMLSchema-instance" xsi:noNamespaceSchemaLocation="https://maven.apache.org/surefire/maven-surefire-plugin/xsd/surefire-test-report.xsd" name="com.jpmorgan.test.SettlerTest" time="0.052" tests="13" errors="0" skipped="0" failures="0">
  <properties>
[...]
</properties>
  <testcase name="whenSettlementDateMondaySGPThenTrue" classname="com.jpmorgan.test.SettlerTest" time="0.033"/>
  <testcase name="whenSettlementDateSaturdayAEDThenFalse" classname="com.jpmorgan.test.SettlerTest" time="0.032"/>
  <testcase name="whenSettlementDateSundaySGPThenFalse" classname="com.jpmorgan.test.SettlerTest" time="0.029"/>
  <testcase name="whenSettlementDateSaturdaySGPThenMonday" classname="com.jpmorgan.test.SettlerTest" time="0.032"/>
  <testcase name="whenSettlementDateSaturdaySGPThenFalse" classname="com.jpmorgan.test.SettlerTest" time="0.023"/>
  <testcase name="whenSettlementDateFridayAEDThenFalse" classname="com.jpmorgan.test.SettlerTest" time="0.016"/>
  <testcase name="whenPPUIs124p35UnitsIs311AgreedFxIs0p44Then17016p05" classname="com.jpmorgan.test.SettlerTest" time="0"/>
  <testcase name="whenSettlementDateFridaySGPThenTrue" classname="com.jpmorgan.test.SettlerTest" time="0"/>
  <testcase name="whenSettlementDateSundayAEDThenTrue" classname="com.jpmorgan.test.SettlerTest" time="0"/>
  <testcase name="whenSettlementDateThursdayAEDThenTrue" classname="com.jpmorgan.test.SettlerTest" time="0"/>
  <testcase name="whenSettlementDateThursdayAEDThenNotChange" classname="com.jpmorgan.test.SettlerTest" time="0.001"/>
  <testcase name="whenSettlementDateFridayAEDThenSunday" classname="com.jpmorgan.test.SettlerTest" time="0"/>
  <testcase name="whenSettlementDateFridaySGPThenNotChange" classname="com.jpmorgan.test.SettlerTest" time="0"/>
</testsuite>