<?xml version="1.0" encoding="UTF-8"?>
<testsuite xmlns:xsi="http://www.w3.org/2001/XMLSchema-instance" xsi:noNamespaceSchemaLocation="https://maven.apache.org/surefire/maven-surefire-plugin/xsd/surefire-test-report.xsd" name="com.jpmorgan.test.FileTest" time="0.033" tests="10" errors="0" skipped="0" failures="0">
  <properties>
[...]
</properties>
  <testcase name="whenFileNotFoundPrint" classname="com.jpmorgan.test.FileTest" time="0.002"/>
  <testcase name="whenFileFoundCountLines" classname="com.jpmorgan.test.FileTest" time="0.018"/>
  <testcase name="whenFileAllAgreedFx0to1000" classname="com.jpmorgan.test.FileTest" time="0.017"/>
  <testcase name="whenFileAllPricePerUnit005to1000000" classname="com.jpmorgan.test.FileTest" time="0.016"/>
  <testcase name="whenFileAllTruncatedEntityLength1to100" classname="com.jpmorgan.test.FileTest" time="0.021"/>
  <testcase name="whenFileHas8Column" classname="com.jpmorgan.test.FileTest" time="0.014"/>
  <testcase name="whenFileAllUnits1to1000000int" classname="com.jpmorgan.test.FileTest" time="0.019"/>
  <testcase name="whenFileAllSettlementDateIsDate" classname="com.jpmorgan.test.FileTest" time="0.029"/>
  <testcase name="whenFileContentSeparatedWithSemiolon" classname="com.jpmorgan.test.FileTest" time="0.015"/>
  <testcase name="whenFileAllInstructionDateIsDate" classname="com.jpmorgan.test.FileTest" time="0.028"/>
</testsuite>